{"/Users/lydiaadejumo/Documents/Learning and Development/JavaScript/CodeWars/Josephus_survivor/main.js": {"path":"/Users/lydiaadejumo/Documents/Learning and Development/JavaScript/CodeWars/Josephus_survivor/main.js","statementMap":{"0":{"start":{"line":2,"column":2},"end":{"line":2,"column":20}},"1":{"start":{"line":6,"column":0},"end":{"line":6,"column":34}}},"fnMap":{"0":{"name":"josephusSurvivor","decl":{"start":{"line":1,"column":9},"end":{"line":1,"column":25}},"loc":{"start":{"line":1,"column":32},"end":{"line":4,"column":1}},"line":1}},"branchMap":{},"s":{"0":5,"1":1},"f":{"0":5},"b":{},"_coverageSchema":"1a1c01bbd47fc00a2c39e90264f33305004495a9","hash":"075306237839837d206bf0d5722d4aeab434f124"}
}
